  Camera.cpp
  CubeMap.cpp
  EBO.cpp
  TTTengine.cpp
C:\Users\ethan\git\TTT-V3\TTT-V3\TTTengine.cpp(51,24): warning C4018: '<': signed/unsigned mismatch
C:\Users\ethan\git\TTT-V3\TTT-V3\TTTengine.cpp(68,12): warning C4018: '>=': signed/unsigned mismatch
  FBO.cpp
  Font.cpp
C:\Users\ethan\git\TTT-V3\TTT-V3\Font.cpp(5,15): warning C4244: '=': conversion from 'float' to 'unsigned int', possible loss of data
C:\Users\ethan\git\TTT-V3\TTT-V3\Font.cpp(6,16): warning C4244: '=': conversion from 'float' to 'unsigned int', possible loss of data
C:\Users\ethan\git\TTT-V3\TTT-V3\Font.cpp(87,37): warning C4838: conversion from 'FT_Pos' to 'unsigned int' requires a narrowing conversion
C:\Users\ethan\git\TTT-V3\TTT-V3\Font.cpp(99,15): warning C4244: '=': conversion from 'float' to 'unsigned int', possible loss of data
C:\Users\ethan\git\TTT-V3\TTT-V3\Font.cpp(100,16): warning C4244: '=': conversion from 'float' to 'unsigned int', possible loss of data
  main.cpp
C:\Users\ethan\git\TTT-V3\TTT-V3\main.cpp(51,33): warning C4244: 'argument': conversion from 'std::streamoff' to 'const unsigned int', possible loss of data
C:\Users\ethan\git\TTT-V3\TTT-V3\main.cpp(419,37): warning C4244: 'argument': conversion from 'double' to 'float', possible loss of data
  Mesh.cpp
  Model.cpp
  RBO.cpp
  Shader.cpp
  Display.cpp
  Skybox.cpp
  Terminal.cpp
C:\Users\ethan\git\TTT-V3\TTT-V3\Terminal.cpp(206,41): warning C4244: 'argument': conversion from 'unsigned int' to 'float', possible loss of data
C:\Users\ethan\git\TTT-V3\TTT-V3\Terminal.cpp(213,38): warning C4244: 'argument': conversion from 'unsigned int' to 'float', possible loss of data
  Texture.cpp
  VAO.cpp
  VBO.cpp
  Generating Code...
  TTTcog.cpp
Camera.obj : error LNK2019: unresolved external symbol _glfwSetInputMode referenced in function "public: void __thiscall Camera::Inputs(struct GLFWwindow *)" (?Inputs@Camera@@QAEXPAUGLFWwindow@@@Z)
Camera.obj : error LNK2019: unresolved external symbol _glfwGetKey referenced in function "public: void __thiscall Camera::Inputs(struct GLFWwindow *)" (?Inputs@Camera@@QAEXPAUGLFWwindow@@@Z)
main.obj : error LNK2001: unresolved external symbol _glfwGetKey
Camera.obj : error LNK2019: unresolved external symbol _glfwGetMouseButton referenced in function "public: void __thiscall Camera::Inputs(struct GLFWwindow *)" (?Inputs@Camera@@QAEXPAUGLFWwindow@@@Z)
Camera.obj : error LNK2019: unresolved external symbol _glfwGetCursorPos referenced in function "public: void __thiscall Camera::Inputs(struct GLFWwindow *)" (?Inputs@Camera@@QAEXPAUGLFWwindow@@@Z)
Camera.obj : error LNK2019: unresolved external symbol _glfwSetCursorPos referenced in function "public: void __thiscall Camera::Inputs(struct GLFWwindow *)" (?Inputs@Camera@@QAEXPAUGLFWwindow@@@Z)
Camera.obj : error LNK2019: unresolved external symbol "protected: bool __thiscall TTTcog::BindFn<void (__thiscall Camera::*)(void),class Camera>(unsigned int,void (__thiscall Camera::*&&)(void),class Camera *)" (??$BindFn@P8Camera@@AEXXZV1@@TTTcog@@IAE_NI$$QAP8Camera@@AEXXZPAV1@@Z) referenced in function "public: __thiscall Camera::Camera(int,int,struct glm::vec<3,float,0>)" (??0Camera@@QAE@HHU?$vec@$02M$0A@@glm@@@Z)
Font.obj : error LNK2019: unresolved external symbol _FT_Init_FreeType referenced in function "private: void __thiscall Font::InitCharacters(char const *)" (?InitCharacters@Font@@AAEXPBD@Z)
Font.obj : error LNK2019: unresolved external symbol _FT_Done_FreeType referenced in function "private: void __thiscall Font::InitCharacters(char const *)" (?InitCharacters@Font@@AAEXPBD@Z)
Font.obj : error LNK2019: unresolved external symbol _FT_New_Face referenced in function "private: void __thiscall Font::InitCharacters(char const *)" (?InitCharacters@Font@@AAEXPBD@Z)
Font.obj : error LNK2019: unresolved external symbol _FT_Done_Face referenced in function "private: void __thiscall Font::InitCharacters(char const *)" (?InitCharacters@Font@@AAEXPBD@Z)
Font.obj : error LNK2019: unresolved external symbol _FT_Set_Pixel_Sizes referenced in function "private: void __thiscall Font::InitCharacters(char const *)" (?InitCharacters@Font@@AAEXPBD@Z)
Font.obj : error LNK2019: unresolved external symbol _FT_Load_Char referenced in function "private: void __thiscall Font::InitCharacters(char const *)" (?InitCharacters@Font@@AAEXPBD@Z)
main.obj : error LNK2019: unresolved external symbol _glfwInit referenced in function _main
main.obj : error LNK2019: unresolved external symbol _glfwTerminate referenced in function _main
main.obj : error LNK2019: unresolved external symbol _glfwWindowHint referenced in function _main
main.obj : error LNK2019: unresolved external symbol _glfwCreateWindow referenced in function _main
main.obj : error LNK2019: unresolved external symbol _glfwDestroyWindow referenced in function _main
main.obj : error LNK2019: unresolved external symbol _glfwWindowShouldClose referenced in function _main
main.obj : error LNK2019: unresolved external symbol _glfwSetWindowTitle referenced in function _main
main.obj : error LNK2019: unresolved external symbol _glfwPollEvents referenced in function _main
main.obj : error LNK2019: unresolved external symbol _glfwGetTime referenced in function _main
main.obj : error LNK2019: unresolved external symbol _glfwMakeContextCurrent referenced in function _main
main.obj : error LNK2019: unresolved external symbol _glfwSwapBuffers referenced in function _main
Display.obj : error LNK2019: unresolved external symbol _glfwGetWindowSize referenced in function "void __cdecl scaleViewport(struct GLFWwindow *)" (?scaleViewport@@YAXPAUGLFWwindow@@@Z)
Terminal.obj : error LNK2001: unresolved external symbol _glfwGetWindowSize
Terminal.obj : error LNK2019: unresolved external symbol _glfwSetKeyCallback referenced in function "public: __thiscall Terminal::Terminal(struct GLFWwindow *,unsigned int,unsigned int,float,float,class Font *,struct glm::vec<3,float,0>)" (??0Terminal@@QAE@PAUGLFWwindow@@IIMMPAVFont@@U?$vec@$02M$0A@@glm@@@Z)
Terminal.obj : error LNK2019: unresolved external symbol _glfwSetCharCallback referenced in function "public: __thiscall Terminal::Terminal(struct GLFWwindow *,unsigned int,unsigned int,float,float,class Font *,struct glm::vec<3,float,0>)" (??0Terminal@@QAE@PAUGLFWwindow@@IIMMPAVFont@@U?$vec@$02M$0A@@glm@@@Z)
MSVCRTD.lib(exe_winmain.obj) : error LNK2019: unresolved external symbol _WinMain@16 referenced in function "int __cdecl invoke_main(void)" (?invoke_main@@YAHXZ)
C:\Users\ethan\git\TTT-V3\TTT-V3\Libraries\lib\glfw3.lib : warning LNK4272: library machine type 'x64' conflicts with target machine type 'x86'
C:\Users\ethan\git\TTT-V3\TTT-V3\Libraries\lib\freetype.lib : warning LNK4272: library machine type 'x64' conflicts with target machine type 'x86'
C:\Users\ethan\git\TTT-V3\Debug\TTT-V3.exe : fatal error LNK1120: 27 unresolved externals
