c:\users\ethan\git\ttt-v3\ttt-v3\x64\debug\vc142.pdb
c:\users\ethan\git\ttt-v3\ttt-v3\x64\debug\vc142.idb
c:\users\ethan\git\ttt-v3\ttt-v3\x64\debug\vbo.obj
c:\users\ethan\git\ttt-v3\ttt-v3\x64\debug\vao.obj
c:\users\ethan\git\ttt-v3\ttt-v3\x64\debug\texture.obj
c:\users\ethan\git\ttt-v3\ttt-v3\x64\debug\terminal.obj
c:\users\ethan\git\ttt-v3\ttt-v3\x64\debug\stb.obj
c:\users\ethan\git\ttt-v3\ttt-v3\x64\debug\skybox.obj
c:\users\ethan\git\ttt-v3\ttt-v3\x64\debug\display.obj
c:\users\ethan\git\ttt-v3\ttt-v3\x64\debug\shader.obj
c:\users\ethan\git\ttt-v3\ttt-v3\x64\debug\rbo.obj
c:\users\ethan\git\ttt-v3\ttt-v3\x64\debug\model.obj
c:\users\ethan\git\ttt-v3\ttt-v3\x64\debug\mesh.obj
c:\users\ethan\git\ttt-v3\ttt-v3\x64\debug\main.obj
c:\users\ethan\git\ttt-v3\ttt-v3\x64\debug\font.obj
c:\users\ethan\git\ttt-v3\ttt-v3\x64\debug\fbo.obj
c:\users\ethan\git\ttt-v3\ttt-v3\x64\debug\tttengine.obj
c:\users\ethan\git\ttt-v3\ttt-v3\x64\debug\tttcog.obj
c:\users\ethan\git\ttt-v3\ttt-v3\x64\debug\ebo.obj
c:\users\ethan\git\ttt-v3\ttt-v3\x64\debug\cubemap.obj
c:\users\ethan\git\ttt-v3\ttt-v3\x64\debug\camera.obj
c:\users\ethan\git\ttt-v3\ttt-v3\x64\debug\glad.obj
c:\users\ethan\git\ttt-v3\ttt-v3\x64\debug\nativecodeanalysis.read.1.tlog
c:\users\ethan\git\ttt-v3\ttt-v3\x64\debug\camera.nativecodeanalysis.xml
c:\users\ethan\git\ttt-v3\ttt-v3\x64\debug\vc.nativecodeanalysis.all.xml
c:\users\ethan\git\ttt-v3\x64\debug\ttt-v3.pdb
c:\users\ethan\git\ttt-v3\ttt-v3\x64\debug\ttt-v3.tlog\cl.command.1.tlog
c:\users\ethan\git\ttt-v3\ttt-v3\x64\debug\ttt-v3.tlog\cl.read.1.tlog
c:\users\ethan\git\ttt-v3\ttt-v3\x64\debug\ttt-v3.tlog\cl.write.1.tlog
c:\users\ethan\git\ttt-v3\ttt-v3\x64\debug\ttt-v3.tlog\link-cvtres.read.1.tlog
c:\users\ethan\git\ttt-v3\ttt-v3\x64\debug\ttt-v3.tlog\link-cvtres.write.1.tlog
c:\users\ethan\git\ttt-v3\ttt-v3\x64\debug\ttt-v3.tlog\link-rc.read.1.tlog
c:\users\ethan\git\ttt-v3\ttt-v3\x64\debug\ttt-v3.tlog\link-rc.write.1.tlog
c:\users\ethan\git\ttt-v3\ttt-v3\x64\debug\ttt-v3.tlog\link.command.1.tlog
c:\users\ethan\git\ttt-v3\ttt-v3\x64\debug\ttt-v3.tlog\link.read.1.tlog
c:\users\ethan\git\ttt-v3\ttt-v3\x64\debug\ttt-v3.tlog\link.write.1.tlog
